<?xml version="1.0" encoding="UTF-8" standalone="no"?>
<testsuite failures="0" name="cucumber.runtime.formatter.JUnitFormatter" skipped="0" tests="8" time="7.437915">
    <testcase classname="In order to remember the things I want to do, as a ToDo MVC user,I want to manage my todo list" name="Todo input accepts numeric,string,alphanumeric,special charachter" time="4.675973">
        <system-out><![CDATA[Given Open the Chrome and launch the application............................passed
When enter "12345" item in the input box....................................passed
Then I see "12345" is visible in All Todo list..............................passed
]]></system-out>
    </testcase>
    <testcase classname="In order to remember the things I want to do, as a ToDo MVC user,I want to manage my todo list" name="Todo input accepts numeric,string,alphanumeric,special charachter 2" time="0.261454">
        <system-out><![CDATA[Given Open the Chrome and launch the application............................passed
When enter "SINGTEL" item in the input box..................................passed
Then I see "SINGTEL" is visible in All Todo list............................passed
]]></system-out>
    </testcase>
    <testcase classname="In order to remember the things I want to do, as a ToDo MVC user,I want to manage my todo list" name="Todo input accepts numeric,string,alphanumeric,special charachter 3" time="0.276318">
        <system-out><![CDATA[Given Open the Chrome and launch the application............................passed
When enter "SINGTEL12345" item in the input box.............................passed
Then I see "SINGTEL12345" is visible in All Todo list.......................passed
]]></system-out>
    </testcase>
    <testcase classname="In order to remember the things I want to do, as a ToDo MVC user,I want to manage my todo list" name="Todo input accepts numeric,string,alphanumeric,special charachter 4" time="0.28826">
        <system-out><![CDATA[Given Open the Chrome and launch the application............................passed
When enter "$%^&%*&^!@" item in the input box...............................passed
Then I see "$%^&%*&^!@" is visible in All Todo list.........................passed
]]></system-out>
    </testcase>
    <testcase classname="In order to remember the things I want to do, as a ToDo MVC user,I want to manage my todo list" name="Add ToDo item" time="0.303923">
        <system-out><![CDATA[Given I see TODO MVC app....................................................passed
When enter "MVC Data" item in the input box.................................passed
Then I see "MVC Data" is visible in All Todo list...........................passed
And I see item left count shows 5 Item......................................passed
And see presence of checkbox against the "MVC Data".........................passed
And All hyperlink is visible and selected...................................passed
And Active hyperlink is visible and not selected............................passed
And Completed hyperlink is visible and not selected.........................passed
]]></system-out>
    </testcase>
    <testcase classname="In order to remember the things I want to do, as a ToDo MVC user,I want to manage my todo list" name="Behaviour of X icon over ToDos" time="0.563264">
        <system-out><![CDATA[Given I see TODO MVC app....................................................passed
When enter "Sample" item in the input box...................................passed
Then I see "Sample" is visible in the list..................................passed
And I see item left count shows 6 Item......................................passed
When I mouse hover to "Sample"..............................................passed
Then I see X icon is visible for "Sample"...................................passed
When move mouse pointer away from "Sample"..................................passed
Then I see X icon disappears from "Sample"..................................passed
When I click on X for "Sample"..............................................passed
Then "Sample" cannot be seen on All todo list...............................passed
And I see item left count shows 5 Item......................................passed
]]></system-out>
    </testcase>
    <testcase classname="In order to remember the things I want to do, as a ToDo MVC user,I want to manage my todo list" name="Verify Active, Completed and Clear completed features" time="0.400483">
        <system-out><![CDATA[Given I see TODO MVC app....................................................passed
When I select "MVC Data" checkbox...........................................passed
Then "MVC Data" will be strikethrough.......................................passed
And Clear completed link is visible and not selected........................passed
And I see item left count shows 4 Item......................................passed
When I navigate to Active todo list.........................................passed
Then I see "SINGTEL" is visible in Active todo list.........................passed
And "MVC Data" cannot be seen on Active todo list...........................passed
When I navigate to Completed todo list......................................passed
Then I see "MVC Data" is visible in Completed todo list.....................passed
And "SINGTEL" cannot be seen on Completed todo list.........................passed
When I click on Clear completed link........................................passed
And I navigate to Completed todo list.......................................passed
Then "MVC Data" cannot be seen on Completed todo list.......................passed
]]></system-out>
    </testcase>
    <testcase classname="In order to remember the things I want to do, as a ToDo MVC user,I want to manage my todo list" name="Edit existing Todo item" time="0.66824">
        <system-out><![CDATA[Given I see TODO MVC app....................................................passed
When enter "MVC Data" item in the input box.................................passed
Then I navigate to All todo list............................................passed
And I see "MVC Data" is visible in the list.................................passed
When I double click on "MVC Data"...........................................passed
And Modify to "Edited MVC Data".............................................passed
Then I see "Edited MVC Data" is visible in All todo list....................passed
When I navigate to Active todo list.........................................passed
Then I see "Edited MVC Data" is visible in Active todo list.................passed
]]></system-out>
    </testcase>
</testsuite>
